2022-02-25 09:12:12,576 INFO notifyConnectTimeout:200

2022-02-25 09:12:12,621 INFO notifySocketTimeout:8000

2022-02-25 09:12:12,621 INFO isHealthCheck:true

2022-02-25 09:12:12,621 INFO maxHealthCheckFailCount:12

2022-02-25 09:12:12,621 INFO maxContent:10485760

2022-02-25 09:12:12,621 INFO spring.datasource.platform:mysql

2022-02-25 09:12:30,922 WARN DumpService start

2022-02-25 09:12:30,925 INFO start clear all config-info.

2022-02-25 09:12:30,932 INFO clear all config-info success.

2022-02-25 09:12:30,933 WARN clear all config-info-tenant failed.

2022-02-25 09:12:31,031 INFO [all-dump] 2 / 2

2022-02-25 09:12:31,031 INFO start clear all config-info-beta.

2022-02-25 09:12:31,031 WARN clear all config-info-beta failed.

2022-02-25 09:12:31,031 WARN clear all config-info-beta-tenant failed.

2022-02-25 09:12:31,034 INFO start clear all config-info-tag.

2022-02-25 09:12:31,034 WARN clear all config-info-tag failed.

2022-02-25 09:12:31,034 WARN clear all config-info-tag-tenant failed.

2022-02-25 09:12:31,040 WARN initialDelay:190

2022-02-25 09:14:47,563 INFO notifyConnectTimeout:200

2022-02-25 09:14:47,569 INFO notifySocketTimeout:8000

2022-02-25 09:14:47,570 INFO isHealthCheck:true

2022-02-25 09:14:47,570 INFO maxHealthCheckFailCount:12

2022-02-25 09:14:47,570 INFO maxContent:10485760

2022-02-25 09:14:47,570 INFO spring.datasource.platform:mysql

2022-02-25 09:14:55,566 WARN DumpService start

2022-02-25 09:14:55,568 INFO start clear all config-info.

2022-02-25 09:14:55,570 INFO clear all config-info success.

2022-02-25 09:14:55,571 WARN clear all config-info-tenant failed.

2022-02-25 09:14:55,616 INFO [all-dump] 2 / 2

2022-02-25 09:14:55,616 INFO start clear all config-info-beta.

2022-02-25 09:14:55,616 WARN clear all config-info-beta failed.

2022-02-25 09:14:55,616 WARN clear all config-info-beta-tenant failed.

2022-02-25 09:14:55,617 INFO start clear all config-info-tag.

2022-02-25 09:14:55,617 WARN clear all config-info-tag failed.

2022-02-25 09:14:55,617 WARN clear all config-info-tag-tenant failed.

2022-02-25 09:14:55,621 WARN initialDelay:202

