2022-02-25 09:13:01,112 INFO PERFORMANCE:|0|0|-1|-1

2022-02-25 09:15:25,644 INFO PERFORMANCE:|0|0|-1|-1

2022-02-25 09:20:25,646 INFO PERFORMANCE:|1|1|-1|-1

2022-02-25 09:25:25,648 INFO PERFORMANCE:|1|1|-1|-1

2022-02-25 09:30:25,648 INFO PERFORMANCE:|1|2|-1|-1

2022-02-25 09:35:25,651 INFO PERFORMANCE:|1|2|-1|-1

2022-02-25 09:40:25,667 INFO PERFORMANCE:|1|2|11|11

2022-02-25 09:45:25,668 INFO PERFORMANCE:|1|2|21|21

2022-02-25 09:50:25,670 INFO PERFORMANCE:|1|1|-1|-1

2022-02-25 09:55:25,672 INFO PERFORMANCE:|1|1|15|13

2022-02-25 10:00:25,673 INFO PERFORMANCE:|1|1|20|20

2022-02-25 10:05:25,675 INFO PERFORMANCE:|1|2|-1|-1

2022-02-25 10:10:25,676 INFO PERFORMANCE:|1|2|4|3

2022-02-25 10:15:25,679 INFO PERFORMANCE:|1|2|-1|-1

2022-02-25 10:20:25,686 INFO PERFORMANCE:|1|2|-1|-1

2022-02-25 10:25:25,707 INFO PERFORMANCE:|1|2|12|12

2022-02-25 10:30:25,709 INFO PERFORMANCE:|1|2|-1|-1

2022-02-25 10:35:25,710 INFO PERFORMANCE:|1|2|2|2

2022-02-25 10:40:25,711 INFO PERFORMANCE:|1|2|-1|-1

2022-02-25 10:45:25,713 INFO PERFORMANCE:|1|2|0|-1

2022-02-25 10:50:25,714 INFO PERFORMANCE:|1|2|4|4

2022-02-25 10:55:25,716 INFO PERFORMANCE:|1|2|-1|-1

2022-02-25 11:00:25,719 INFO PERFORMANCE:|1|2|1|1

2022-02-25 11:05:25,721 INFO PERFORMANCE:|1|2|10|7

2022-02-25 11:10:25,723 INFO PERFORMANCE:|1|2|-1|-1

2022-02-25 11:15:25,724 INFO PERFORMANCE:|1|2|9|4

2022-02-25 11:20:25,725 INFO PERFORMANCE:|1|1|14|8

2022-02-25 11:25:25,725 INFO PERFORMANCE:|1|2|9|9

2022-02-25 11:30:25,727 INFO PERFORMANCE:|1|2|18|13

2022-02-25 11:35:25,729 INFO PERFORMANCE:|1|2|-1|-1

2022-02-25 11:40:25,730 INFO PERFORMANCE:|1|2|0|-1

2022-02-25 11:45:25,732 INFO PERFORMANCE:|1|2|-1|-1

2022-02-25 11:50:25,733 INFO PERFORMANCE:|1|1|-1|-1

2022-02-25 11:55:25,734 INFO PERFORMANCE:|1|2|-1|-1

2022-02-25 12:00:25,735 INFO PERFORMANCE:|1|2|-1|-1

2022-02-25 12:05:25,737 INFO PERFORMANCE:|1|1|6|3

2022-02-25 12:10:25,739 INFO PERFORMANCE:|1|2|-1|-1

2022-02-25 12:15:25,753 INFO PERFORMANCE:|1|2|16|16

2022-02-25 12:20:25,763 INFO PERFORMANCE:|1|2|-1|-1

2022-02-25 12:25:25,768 INFO PERFORMANCE:|1|1|0|-1

