2022-02-25 09:12:21,390 INFO notifyConnectTimeout:200

2022-02-25 09:12:21,399 INFO notifySocketTimeout:8000

2022-02-25 09:12:21,399 INFO isHealthCheck:true

2022-02-25 09:12:21,399 INFO maxHealthCheckFailCount:12

2022-02-25 09:12:21,399 INFO maxContent:10485760

2022-02-25 09:12:21,402 INFO spring.datasource.platform:mysql

2022-02-25 09:12:37,583 WARN DumpService start

2022-02-25 09:12:37,584 INFO start clear all config-info.

2022-02-25 09:12:37,589 INFO clear all config-info success.

2022-02-25 09:12:37,589 WARN clear all config-info-tenant failed.

2022-02-25 09:12:37,632 INFO [all-dump] 2 / 2

2022-02-25 09:12:37,632 INFO start clear all config-info-beta.

2022-02-25 09:12:37,632 WARN clear all config-info-beta failed.

2022-02-25 09:12:37,633 WARN clear all config-info-beta-tenant failed.

2022-02-25 09:12:37,634 INFO start clear all config-info-tag.

2022-02-25 09:12:37,634 WARN clear all config-info-tag failed.

2022-02-25 09:12:37,634 WARN clear all config-info-tag-tenant failed.

2022-02-25 09:12:37,639 WARN initialDelay:129

2022-02-25 09:15:01,680 INFO notifyConnectTimeout:200

2022-02-25 09:15:01,696 INFO notifySocketTimeout:8000

2022-02-25 09:15:01,696 INFO isHealthCheck:true

2022-02-25 09:15:01,696 INFO maxHealthCheckFailCount:12

2022-02-25 09:15:01,696 INFO maxContent:10485760

2022-02-25 09:15:01,697 INFO spring.datasource.platform:mysql

2022-02-25 09:15:09,080 WARN DumpService start

2022-02-25 09:15:09,082 INFO start clear all config-info.

2022-02-25 09:15:09,086 INFO clear all config-info success.

2022-02-25 09:15:09,087 WARN clear all config-info-tenant failed.

2022-02-25 09:15:09,122 INFO [all-dump] 2 / 2

2022-02-25 09:15:09,122 INFO start clear all config-info-beta.

2022-02-25 09:15:09,122 WARN clear all config-info-beta failed.

2022-02-25 09:15:09,122 WARN clear all config-info-beta-tenant failed.

2022-02-25 09:15:09,123 INFO start clear all config-info-tag.

2022-02-25 09:15:09,123 WARN clear all config-info-tag failed.

2022-02-25 09:15:09,123 WARN clear all config-info-tag-tenant failed.

2022-02-25 09:15:09,127 WARN initialDelay:120

2022-02-25 11:15:09,193 INFO [all-dump] 2 / 2

