2022-02-25 09:13:07,665 INFO PERFORMANCE:|0|0|-1|-1

2022-02-25 09:15:39,153 INFO PERFORMANCE:|0|0|-1|-1

2022-02-25 09:20:39,154 INFO PERFORMANCE:|1|1|-1|-1

2022-02-25 09:25:39,156 INFO PERFORMANCE:|1|1|1|1

2022-02-25 09:30:39,157 INFO PERFORMANCE:|1|2|-1|-1

2022-02-25 09:35:39,158 INFO PERFORMANCE:|1|1|8|8

2022-02-25 09:40:39,159 INFO PERFORMANCE:|1|2|4|4

2022-02-25 09:45:39,160 INFO PERFORMANCE:|1|2|16|9

2022-02-25 09:50:39,163 INFO PERFORMANCE:|1|2|23|20

2022-02-25 09:55:39,165 INFO PERFORMANCE:|1|2|4|4

2022-02-25 10:00:39,175 INFO PERFORMANCE:|1|2|21|14

2022-02-25 10:05:39,177 INFO PERFORMANCE:|1|2|-1|-1

2022-02-25 10:10:39,178 INFO PERFORMANCE:|1|2|11|10

2022-02-25 10:15:39,181 INFO PERFORMANCE:|1|2|4|4

2022-02-25 10:20:39,183 INFO PERFORMANCE:|1|2|11|6

2022-02-25 10:25:39,184 INFO PERFORMANCE:|1|2|-1|-1

2022-02-25 10:30:39,185 INFO PERFORMANCE:|1|2|-1|-1

2022-02-25 10:35:39,186 INFO PERFORMANCE:|1|2|-1|-1

2022-02-25 10:40:39,187 INFO PERFORMANCE:|1|2|-1|-1

2022-02-25 10:45:39,188 INFO PERFORMANCE:|1|2|0|-1

2022-02-25 10:50:39,190 INFO PERFORMANCE:|1|2|10|10

2022-02-25 10:55:39,191 INFO PERFORMANCE:|1|1|10|10

2022-02-25 11:00:39,192 INFO PERFORMANCE:|1|2|-1|-1

2022-02-25 11:05:39,204 INFO PERFORMANCE:|1|2|-1|-1

2022-02-25 11:10:39,207 INFO PERFORMANCE:|1|1|11|11

2022-02-25 11:15:39,209 INFO PERFORMANCE:|1|2|-1|-1

2022-02-25 11:20:39,210 INFO PERFORMANCE:|1|2|10|10

2022-02-25 11:25:39,212 INFO PERFORMANCE:|1|2|8|4

2022-02-25 11:30:39,212 INFO PERFORMANCE:|1|2|10|10

2022-02-25 11:35:39,213 INFO PERFORMANCE:|1|2|-1|-1

2022-02-25 11:40:39,228 INFO PERFORMANCE:|1|2|13|6

2022-02-25 11:45:39,230 INFO PERFORMANCE:|1|1|-1|-1

2022-02-25 11:50:39,231 INFO PERFORMANCE:|1|2|-1|-1

2022-02-25 11:55:39,232 INFO PERFORMANCE:|1|2|27|14

2022-02-25 12:00:39,233 INFO PERFORMANCE:|1|2|-1|-1

2022-02-25 12:05:39,234 INFO PERFORMANCE:|1|2|9|9

2022-02-25 12:10:39,235 INFO PERFORMANCE:|1|1|2|1

2022-02-25 12:15:39,249 INFO PERFORMANCE:|1|2|-1|-1

2022-02-25 12:20:39,258 INFO PERFORMANCE:|1|2|0|-1

2022-02-25 12:25:39,258 INFO PERFORMANCE:|1|2|0|-1

