2022-02-25 09:12:02,467 INFO notifyConnectTimeout:200

2022-02-25 09:12:02,474 INFO notifySocketTimeout:8000

2022-02-25 09:12:02,474 INFO isHealthCheck:true

2022-02-25 09:12:02,474 INFO maxHealthCheckFailCount:12

2022-02-25 09:12:02,474 INFO maxContent:10485760

2022-02-25 09:12:02,475 INFO spring.datasource.platform:mysql

2022-02-25 09:12:12,025 WARN DumpService start

2022-02-25 09:12:12,027 INFO start clear all config-info.

2022-02-25 09:12:12,033 INFO clear all config-info success.

2022-02-25 09:12:12,033 WARN clear all config-info-tenant failed.

2022-02-25 09:12:12,075 INFO [all-dump] 2 / 2

2022-02-25 09:12:12,075 INFO start clear all config-info-beta.

2022-02-25 09:12:12,075 WARN clear all config-info-beta failed.

2022-02-25 09:12:12,075 WARN clear all config-info-beta-tenant failed.

2022-02-25 09:12:12,076 INFO start clear all config-info-tag.

2022-02-25 09:12:12,077 WARN clear all config-info-tag failed.

2022-02-25 09:12:12,077 WARN clear all config-info-tag-tenant failed.

2022-02-25 09:12:12,098 WARN initialDelay:150

2022-02-25 09:14:29,703 INFO notifyConnectTimeout:200

2022-02-25 09:14:29,709 INFO notifySocketTimeout:8000

2022-02-25 09:14:29,709 INFO isHealthCheck:true

2022-02-25 09:14:29,709 INFO maxHealthCheckFailCount:12

2022-02-25 09:14:29,709 INFO maxContent:10485760

2022-02-25 09:14:29,709 INFO spring.datasource.platform:mysql

2022-02-25 09:14:38,278 WARN DumpService start

2022-02-25 09:14:38,279 INFO start clear all config-info.

2022-02-25 09:14:38,282 INFO clear all config-info success.

2022-02-25 09:14:38,282 WARN clear all config-info-tenant failed.

2022-02-25 09:14:38,306 INFO [all-dump] 2 / 2

2022-02-25 09:14:38,306 INFO start clear all config-info-beta.

2022-02-25 09:14:38,306 WARN clear all config-info-beta failed.

2022-02-25 09:14:38,306 WARN clear all config-info-beta-tenant failed.

2022-02-25 09:14:38,308 INFO start clear all config-info-tag.

2022-02-25 09:14:38,308 WARN clear all config-info-tag failed.

2022-02-25 09:14:38,308 WARN clear all config-info-tag-tenant failed.

2022-02-25 09:14:38,311 WARN initialDelay:350

