2022-02-25 09:12:42,122 INFO PERFORMANCE:|0|0|-1|-1

2022-02-25 09:15:08,331 INFO PERFORMANCE:|0|0|-1|-1

2022-02-25 09:20:08,332 INFO PERFORMANCE:|1|1|-1|-1

2022-02-25 09:25:08,334 INFO PERFORMANCE:|1|1|1|1

2022-02-25 09:30:08,335 INFO PERFORMANCE:|1|1|-1|-1

2022-02-25 09:35:08,337 INFO PERFORMANCE:|1|2|10|7

2022-02-25 09:40:08,339 INFO PERFORMANCE:|1|1|-1|-1

2022-02-25 09:45:08,341 INFO PERFORMANCE:|1|2|11|11

2022-02-25 09:50:08,344 INFO PERFORMANCE:|1|2|-1|-1

2022-02-25 09:55:08,345 INFO PERFORMANCE:|1|2|-1|-1

2022-02-25 10:00:08,354 INFO PERFORMANCE:|1|2|-1|-1

2022-02-25 10:05:08,355 INFO PERFORMANCE:|1|2|-1|-1

2022-02-25 10:10:08,357 INFO PERFORMANCE:|1|1|10|10

2022-02-25 10:15:08,358 INFO PERFORMANCE:|1|1|-1|-1

2022-02-25 10:20:08,360 INFO PERFORMANCE:|1|2|7|7

2022-02-25 10:25:08,361 INFO PERFORMANCE:|1|2|-1|-1

2022-02-25 10:30:08,362 INFO PERFORMANCE:|1|2|-1|-1

2022-02-25 10:35:08,363 INFO PERFORMANCE:|1|2|-1|-1

2022-02-25 10:40:08,365 INFO PERFORMANCE:|1|2|-1|-1

2022-02-25 10:45:08,366 INFO PERFORMANCE:|1|2|-1|-1

2022-02-25 10:50:08,367 INFO PERFORMANCE:|1|2|-1|-1

2022-02-25 10:55:08,369 INFO PERFORMANCE:|1|2|15|9

2022-02-25 11:00:08,371 INFO PERFORMANCE:|1|2|-1|-1

2022-02-25 11:05:08,372 INFO PERFORMANCE:|1|2|-1|-1

2022-02-25 11:10:08,374 INFO PERFORMANCE:|1|2|-1|-1

2022-02-25 11:15:08,375 INFO PERFORMANCE:|1|2|9|9

2022-02-25 11:20:08,375 INFO PERFORMANCE:|1|1|-1|-1

2022-02-25 11:25:08,377 INFO PERFORMANCE:|1|2|11|11

2022-02-25 11:30:08,379 INFO PERFORMANCE:|1|2|-1|-1

2022-02-25 11:35:08,380 INFO PERFORMANCE:|1|2|5|5

2022-02-25 11:40:08,381 INFO PERFORMANCE:|1|2|-1|-1

2022-02-25 11:45:08,383 INFO PERFORMANCE:|1|1|-1|-1

2022-02-25 11:50:08,385 INFO PERFORMANCE:|1|2|17|16

2022-02-25 11:55:08,386 INFO PERFORMANCE:|1|2|-1|-1

2022-02-25 12:00:08,388 INFO PERFORMANCE:|1|2|-1|-1

2022-02-25 12:05:08,389 INFO PERFORMANCE:|1|2|-1|-1

2022-02-25 12:10:08,391 INFO PERFORMANCE:|1|2|-1|-1

2022-02-25 12:15:08,401 INFO PERFORMANCE:|1|2|-1|-1

2022-02-25 12:20:08,415 INFO PERFORMANCE:|1|2|15|5

2022-02-25 12:25:08,429 INFO PERFORMANCE:|1|2|0|-1

